Performing C++ SOURCE FILE Test COMPILER_SUPPORT_Wshorten64to32 failed with the following output:
Change Dir: /home/bardy/Documents/code/robotics/2024-frc-with-samvs/build/CMakeFiles/CMakeScratch/TryCompile-QZT6AV

Run Build Command(s):/usr/bin/gmake -f Makefile cmTC_067d6/fast && /usr/bin/gmake  -f CMakeFiles/cmTC_067d6.dir/build.make CMakeFiles/cmTC_067d6.dir/build
gmake[1]: Entering directory '/home/bardy/Documents/code/robotics/2024-frc-with-samvs/build/CMakeFiles/CMakeScratch/TryCompile-QZT6AV'
Building CXX object CMakeFiles/cmTC_067d6.dir/src.cxx.o
/usr/bin/aarch64-bullseye-linux-gnu-g++ -DCOMPILER_SUPPORT_Wshorten64to32  -std=c++03 -pedantic -Wall -Wextra -Wundef -Wcast-align -Wchar-subscripts -Wnon-virtual-dtor -Wunused-local-typedefs -Wpointer-arith -Wwrite-strings -Wformat-security -Werror   -Wshorten-64-to-32 -o CMakeFiles/cmTC_067d6.dir/src.cxx.o -c /home/bardy/Documents/code/robotics/2024-frc-with-samvs/build/CMakeFiles/CMakeScratch/TryCompile-QZT6AV/src.cxx
aarch64-bullseye-linux-gnu-g++: error: unrecognized command-line option '-Wshorten-64-to-32'
gmake[1]: *** [CMakeFiles/cmTC_067d6.dir/build.make:78: CMakeFiles/cmTC_067d6.dir/src.cxx.o] Error 1
gmake[1]: Leaving directory '/home/bardy/Documents/code/robotics/2024-frc-with-samvs/build/CMakeFiles/CMakeScratch/TryCompile-QZT6AV'
gmake: *** [Makefile:127: cmTC_067d6/fast] Error 2


Source file was:
int main() { return 0; }

Performing C++ SOURCE FILE Test COMPILER_SUPPORT_Wenumconversion failed with the following output:
Change Dir: /home/bardy/Documents/code/robotics/2024-frc-with-samvs/build/CMakeFiles/CMakeScratch/TryCompile-ogFxut

Run Build Command(s):/usr/bin/gmake -f Makefile cmTC_06f08/fast && /usr/bin/gmake  -f CMakeFiles/cmTC_06f08.dir/build.make CMakeFiles/cmTC_06f08.dir/build
gmake[1]: Entering directory '/home/bardy/Documents/code/robotics/2024-frc-with-samvs/build/CMakeFiles/CMakeScratch/TryCompile-ogFxut'
Building CXX object CMakeFiles/cmTC_06f08.dir/src.cxx.o
/usr/bin/aarch64-bullseye-linux-gnu-g++ -DCOMPILER_SUPPORT_Wenumconversion  -std=c++03 -pedantic -Wall -Wextra -Wundef -Wcast-align -Wchar-subscripts -Wnon-virtual-dtor -Wunused-local-typedefs -Wpointer-arith -Wwrite-strings -Wformat-security -Wlogical-op -Werror   -Wenum-conversion -o CMakeFiles/cmTC_06f08.dir/src.cxx.o -c /home/bardy/Documents/code/robotics/2024-frc-with-samvs/build/CMakeFiles/CMakeScratch/TryCompile-ogFxut/src.cxx
cc1plus: error: command-line option '-Wenum-conversion' is valid for C/ObjC but not for C++ [-Werror]
cc1plus: all warnings being treated as errors
gmake[1]: *** [CMakeFiles/cmTC_06f08.dir/build.make:78: CMakeFiles/cmTC_06f08.dir/src.cxx.o] Error 1
gmake[1]: Leaving directory '/home/bardy/Documents/code/robotics/2024-frc-with-samvs/build/CMakeFiles/CMakeScratch/TryCompile-ogFxut'
gmake: *** [Makefile:127: cmTC_06f08/fast] Error 2


Source file was:
int main() { return 0; }

Performing C++ SOURCE FILE Test COMPILER_SUPPORT_Wcpp11extensions failed with the following output:
Change Dir: /home/bardy/Documents/code/robotics/2024-frc-with-samvs/build/CMakeFiles/CMakeScratch/TryCompile-lKQfBB

Run Build Command(s):/usr/bin/gmake -f Makefile cmTC_b67e3/fast && /usr/bin/gmake  -f CMakeFiles/cmTC_b67e3.dir/build.make CMakeFiles/cmTC_b67e3.dir/build
gmake[1]: Entering directory '/home/bardy/Documents/code/robotics/2024-frc-with-samvs/build/CMakeFiles/CMakeScratch/TryCompile-lKQfBB'
Building CXX object CMakeFiles/cmTC_b67e3.dir/src.cxx.o
/usr/bin/aarch64-bullseye-linux-gnu-g++ -DCOMPILER_SUPPORT_Wcpp11extensions  -std=c++03 -pedantic -Wall -Wextra -Wundef -Wcast-align -Wchar-subscripts -Wnon-virtual-dtor -Wunused-local-typedefs -Wpointer-arith -Wwrite-strings -Wformat-security -Wlogical-op -Werror   -Wc++11-extensions -o CMakeFiles/cmTC_b67e3.dir/src.cxx.o -c /home/bardy/Documents/code/robotics/2024-frc-with-samvs/build/CMakeFiles/CMakeScratch/TryCompile-lKQfBB/src.cxx
aarch64-bullseye-linux-gnu-g++: error: unrecognized command-line option '-Wc++11-extensions'; did you mean '-fms-extensions'?
gmake[1]: *** [CMakeFiles/cmTC_b67e3.dir/build.make:78: CMakeFiles/cmTC_b67e3.dir/src.cxx.o] Error 1
gmake[1]: Leaving directory '/home/bardy/Documents/code/robotics/2024-frc-with-samvs/build/CMakeFiles/CMakeScratch/TryCompile-lKQfBB'
gmake: *** [Makefile:127: cmTC_b67e3/fast] Error 2


Source file was:
int main() { return 0; }

Performing C++ SOURCE FILE Test COMPILER_SUPPORT_wd981 failed with the following output:
Change Dir: /home/bardy/Documents/code/robotics/2024-frc-with-samvs/build/CMakeFiles/CMakeScratch/TryCompile-1TzsG6

Run Build Command(s):/usr/bin/gmake -f Makefile cmTC_7f79b/fast && /usr/bin/gmake  -f CMakeFiles/cmTC_7f79b.dir/build.make CMakeFiles/cmTC_7f79b.dir/build
gmake[1]: Entering directory '/home/bardy/Documents/code/robotics/2024-frc-with-samvs/build/CMakeFiles/CMakeScratch/TryCompile-1TzsG6'
Building CXX object CMakeFiles/cmTC_7f79b.dir/src.cxx.o
/usr/bin/aarch64-bullseye-linux-gnu-g++ -DCOMPILER_SUPPORT_wd981  -std=c++03 -pedantic -Wall -Wextra -Wundef -Wcast-align -Wchar-subscripts -Wnon-virtual-dtor -Wunused-local-typedefs -Wpointer-arith -Wwrite-strings -Wformat-security -Wlogical-op -Wdouble-promotion -Wshadow -Wno-psabi -Wno-variadic-macros -Wno-long-long -fno-check-new -fno-common -fstrict-aliasing -Werror   -wd981 -o CMakeFiles/cmTC_7f79b.dir/src.cxx.o -c /home/bardy/Documents/code/robotics/2024-frc-with-samvs/build/CMakeFiles/CMakeScratch/TryCompile-1TzsG6/src.cxx
aarch64-bullseye-linux-gnu-g++: error: unrecognized command-line option '-wd981'
gmake[1]: *** [CMakeFiles/cmTC_7f79b.dir/build.make:78: CMakeFiles/cmTC_7f79b.dir/src.cxx.o] Error 1
gmake[1]: Leaving directory '/home/bardy/Documents/code/robotics/2024-frc-with-samvs/build/CMakeFiles/CMakeScratch/TryCompile-1TzsG6'
gmake: *** [Makefile:127: cmTC_7f79b/fast] Error 2


Source file was:
int main() { return 0; }

Performing C++ SOURCE FILE Test COMPILER_SUPPORT_wd2304 failed with the following output:
Change Dir: /home/bardy/Documents/code/robotics/2024-frc-with-samvs/build/CMakeFiles/CMakeScratch/TryCompile-k3pwkb

Run Build Command(s):/usr/bin/gmake -f Makefile cmTC_3175c/fast && /usr/bin/gmake  -f CMakeFiles/cmTC_3175c.dir/build.make CMakeFiles/cmTC_3175c.dir/build
gmake[1]: Entering directory '/home/bardy/Documents/code/robotics/2024-frc-with-samvs/build/CMakeFiles/CMakeScratch/TryCompile-k3pwkb'
Building CXX object CMakeFiles/cmTC_3175c.dir/src.cxx.o
/usr/bin/aarch64-bullseye-linux-gnu-g++ -DCOMPILER_SUPPORT_wd2304  -std=c++03 -pedantic -Wall -Wextra -Wundef -Wcast-align -Wchar-subscripts -Wnon-virtual-dtor -Wunused-local-typedefs -Wpointer-arith -Wwrite-strings -Wformat-security -Wlogical-op -Wdouble-promotion -Wshadow -Wno-psabi -Wno-variadic-macros -Wno-long-long -fno-check-new -fno-common -fstrict-aliasing -Werror   -wd2304 -o CMakeFiles/cmTC_3175c.dir/src.cxx.o -c /home/bardy/Documents/code/robotics/2024-frc-with-samvs/build/CMakeFiles/CMakeScratch/TryCompile-k3pwkb/src.cxx
aarch64-bullseye-linux-gnu-g++: error: unrecognized command-line option '-wd2304'
gmake[1]: *** [CMakeFiles/cmTC_3175c.dir/build.make:78: CMakeFiles/cmTC_3175c.dir/src.cxx.o] Error 1
gmake[1]: Leaving directory '/home/bardy/Documents/code/robotics/2024-frc-with-samvs/build/CMakeFiles/CMakeScratch/TryCompile-k3pwkb'
gmake: *** [Makefile:127: cmTC_3175c/fast] Error 2


Source file was:
int main() { return 0; }

Performing C++ SOURCE FILE Test COMPILER_SUPPORT_STRICTANSI failed with the following output:
Change Dir: /home/bardy/Documents/code/robotics/2024-frc-with-samvs/build/CMakeFiles/CMakeScratch/TryCompile-FXyyn7

Run Build Command(s):/usr/bin/gmake -f Makefile cmTC_bb6ed/fast && /usr/bin/gmake  -f CMakeFiles/cmTC_bb6ed.dir/build.make CMakeFiles/cmTC_bb6ed.dir/build
gmake[1]: Entering directory '/home/bardy/Documents/code/robotics/2024-frc-with-samvs/build/CMakeFiles/CMakeScratch/TryCompile-FXyyn7'
Building CXX object CMakeFiles/cmTC_bb6ed.dir/src.cxx.o
/usr/bin/aarch64-bullseye-linux-gnu-g++ -DCOMPILER_SUPPORT_STRICTANSI  -std=c++03 -pedantic -Wall -Wextra -Wundef -Wcast-align -Wchar-subscripts -Wnon-virtual-dtor -Wunused-local-typedefs -Wpointer-arith -Wwrite-strings -Wformat-security -Wlogical-op -Wdouble-promotion -Wshadow -Wno-psabi -Wno-variadic-macros -Wno-long-long -fno-check-new -fno-common -fstrict-aliasing -Werror   -strict-ansi -o CMakeFiles/cmTC_bb6ed.dir/src.cxx.o -c /home/bardy/Documents/code/robotics/2024-frc-with-samvs/build/CMakeFiles/CMakeScratch/TryCompile-FXyyn7/src.cxx
aarch64-bullseye-linux-gnu-g++: error: unrecognized command-line option '-strict-ansi'; did you mean '-fstrict-enums'?
gmake[1]: *** [CMakeFiles/cmTC_bb6ed.dir/build.make:78: CMakeFiles/cmTC_bb6ed.dir/src.cxx.o] Error 1
gmake[1]: Leaving directory '/home/bardy/Documents/code/robotics/2024-frc-with-samvs/build/CMakeFiles/CMakeScratch/TryCompile-FXyyn7'
gmake: *** [Makefile:127: cmTC_bb6ed/fast] Error 2


Source file was:
int main() { return 0; }

Performing C++ SOURCE FILE Test COMPILER_SUPPORT_Qunusedarguments failed with the following output:
Change Dir: /home/bardy/Documents/code/robotics/2024-frc-with-samvs/build/CMakeFiles/CMakeScratch/TryCompile-Yj5pbO

Run Build Command(s):/usr/bin/gmake -f Makefile cmTC_727d0/fast && /usr/bin/gmake  -f CMakeFiles/cmTC_727d0.dir/build.make CMakeFiles/cmTC_727d0.dir/build
gmake[1]: Entering directory '/home/bardy/Documents/code/robotics/2024-frc-with-samvs/build/CMakeFiles/CMakeScratch/TryCompile-Yj5pbO'
Building CXX object CMakeFiles/cmTC_727d0.dir/src.cxx.o
/usr/bin/aarch64-bullseye-linux-gnu-g++ -DCOMPILER_SUPPORT_Qunusedarguments  -std=c++03 -pedantic -Wall -Wextra -Wundef -Wcast-align -Wchar-subscripts -Wnon-virtual-dtor -Wunused-local-typedefs -Wpointer-arith -Wwrite-strings -Wformat-security -Wlogical-op -Wdouble-promotion -Wshadow -Wno-psabi -Wno-variadic-macros -Wno-long-long -fno-check-new -fno-common -fstrict-aliasing -Werror   -Qunused-arguments -o CMakeFiles/cmTC_727d0.dir/src.cxx.o -c /home/bardy/Documents/code/robotics/2024-frc-with-samvs/build/CMakeFiles/CMakeScratch/TryCompile-Yj5pbO/src.cxx
aarch64-bullseye-linux-gnu-g++: error: unrecognized command-line option '-Qunused-arguments'
gmake[1]: *** [CMakeFiles/cmTC_727d0.dir/build.make:78: CMakeFiles/cmTC_727d0.dir/src.cxx.o] Error 1
gmake[1]: Leaving directory '/home/bardy/Documents/code/robotics/2024-frc-with-samvs/build/CMakeFiles/CMakeScratch/TryCompile-Yj5pbO'
gmake: *** [Makefile:127: cmTC_727d0/fast] Error 2


Source file was:
int main() { return 0; }

Looking for a Fortran compiler failed with the following output:
-- The Fortran compiler identification is unknown
CMake Error at CMakeLists.txt:2 (project):
  No CMAKE_Fortran_COMPILER could be found.

  Tell CMake where to find the compiler by setting either the environment
  variable "FC" or the CMake cache entry CMAKE_Fortran_COMPILER to the full
  path to the compiler, or to the compiler name if it is in the PATH.


-- Configuring incomplete, errors occurred!
See also "/home/bardy/Documents/code/robotics/2024-frc-with-samvs/build/test/CMakeFiles/CheckFortran/CMakeFiles/CMakeOutput.log".
See also "/home/bardy/Documents/code/robotics/2024-frc-with-samvs/build/test/CMakeFiles/CheckFortran/CMakeFiles/CMakeError.log".

Performing C SOURCE FILE Test CMAKE_HAVE_LIBC_PTHREAD failed with the following output:
Change Dir: /home/bardy/Documents/code/robotics/2024-frc-with-samvs/build/CMakeFiles/CMakeScratch/TryCompile-98Imvh

Run Build Command(s):/usr/bin/gmake -f Makefile cmTC_949cf/fast && /usr/bin/gmake  -f CMakeFiles/cmTC_949cf.dir/build.make CMakeFiles/cmTC_949cf.dir/build
gmake[1]: Entering directory '/home/bardy/Documents/code/robotics/2024-frc-with-samvs/build/CMakeFiles/CMakeScratch/TryCompile-98Imvh'
Building C object CMakeFiles/cmTC_949cf.dir/src.c.o
/usr/bin/aarch64-bullseye-linux-gnu-gcc -DCMAKE_HAVE_LIBC_PTHREAD   -o CMakeFiles/cmTC_949cf.dir/src.c.o -c /home/bardy/Documents/code/robotics/2024-frc-with-samvs/build/CMakeFiles/CMakeScratch/TryCompile-98Imvh/src.c
Linking C executable cmTC_949cf
/usr/bin/cmake -E cmake_link_script CMakeFiles/cmTC_949cf.dir/link.txt --verbose=1
/usr/bin/aarch64-bullseye-linux-gnu-gcc CMakeFiles/cmTC_949cf.dir/src.c.o -o cmTC_949cf 
/usr/bin/../aarch64-linux-gnu/sysroot/usr/lib/gcc/aarch64-linux-gnu/10/../../../../../../../aarch64-linux-gnu/bin/ld: CMakeFiles/cmTC_949cf.dir/src.c.o: in function `main':
src.c:(.text+0x34): undefined reference to `pthread_create'
/usr/bin/../aarch64-linux-gnu/sysroot/usr/lib/gcc/aarch64-linux-gnu/10/../../../../../../../aarch64-linux-gnu/bin/ld: src.c:(.text+0x3c): undefined reference to `pthread_detach'
/usr/bin/../aarch64-linux-gnu/sysroot/usr/lib/gcc/aarch64-linux-gnu/10/../../../../../../../aarch64-linux-gnu/bin/ld: src.c:(.text+0x44): undefined reference to `pthread_cancel'
/usr/bin/../aarch64-linux-gnu/sysroot/usr/lib/gcc/aarch64-linux-gnu/10/../../../../../../../aarch64-linux-gnu/bin/ld: src.c:(.text+0x50): undefined reference to `pthread_join'
collect2: error: ld returned 1 exit status
gmake[1]: *** [CMakeFiles/cmTC_949cf.dir/build.make:99: cmTC_949cf] Error 1
gmake[1]: Leaving directory '/home/bardy/Documents/code/robotics/2024-frc-with-samvs/build/CMakeFiles/CMakeScratch/TryCompile-98Imvh'
gmake: *** [Makefile:127: cmTC_949cf/fast] Error 2


Source file was:
#include <pthread.h>

static void* test_func(void* data)
{
  return data;
}

int main(void)
{
  pthread_t thread;
  pthread_create(&thread, NULL, test_func, NULL);
  pthread_detach(thread);
  pthread_cancel(thread);
  pthread_join(thread, NULL);
  pthread_atfork(NULL, NULL, NULL);
  pthread_exit(NULL);

  return 0;
}


Determining if the function pthread_create exists in the pthreads failed with the following output:
Change Dir: /home/bardy/Documents/code/robotics/2024-frc-with-samvs/build/CMakeFiles/CMakeScratch/TryCompile-un3fpP

Run Build Command(s):/usr/bin/gmake -f Makefile cmTC_9b9d3/fast && /usr/bin/gmake  -f CMakeFiles/cmTC_9b9d3.dir/build.make CMakeFiles/cmTC_9b9d3.dir/build
gmake[1]: Entering directory '/home/bardy/Documents/code/robotics/2024-frc-with-samvs/build/CMakeFiles/CMakeScratch/TryCompile-un3fpP'
Building C object CMakeFiles/cmTC_9b9d3.dir/CheckFunctionExists.c.o
/usr/bin/aarch64-bullseye-linux-gnu-gcc   -DCHECK_FUNCTION_EXISTS=pthread_create -o CMakeFiles/cmTC_9b9d3.dir/CheckFunctionExists.c.o -c /home/bardy/Documents/code/robotics/2024-frc-with-samvs/build/CMakeFiles/CMakeScratch/TryCompile-un3fpP/CheckFunctionExists.c
Linking C executable cmTC_9b9d3
/usr/bin/cmake -E cmake_link_script CMakeFiles/cmTC_9b9d3.dir/link.txt --verbose=1
/usr/bin/aarch64-bullseye-linux-gnu-gcc  -DCHECK_FUNCTION_EXISTS=pthread_create CMakeFiles/cmTC_9b9d3.dir/CheckFunctionExists.c.o -o cmTC_9b9d3  -lpthreads 
/usr/bin/../aarch64-linux-gnu/sysroot/usr/lib/gcc/aarch64-linux-gnu/10/../../../../../../../aarch64-linux-gnu/bin/ld: cannot find -lpthreads: No such file or directory
collect2: error: ld returned 1 exit status
gmake[1]: *** [CMakeFiles/cmTC_9b9d3.dir/build.make:99: cmTC_9b9d3] Error 1
gmake[1]: Leaving directory '/home/bardy/Documents/code/robotics/2024-frc-with-samvs/build/CMakeFiles/CMakeScratch/TryCompile-un3fpP'
gmake: *** [Makefile:127: cmTC_9b9d3/fast] Error 2



